<?xml version="1.0" encoding="UTF-8"?>
<!-- Generated by org.testng.reporters.JUnitReportReporter -->
<testsuite hostname="DESKTOP-QI6H2EA" failures="0" tests="1" name="flipkart_test.Login_test" time="0.024" errors="0" timestamp="2024-08-14T10:41:36 IST" skipped="0">
  <testcase classname="flipkart_test.Login_test" name="getTitle_flipkart" time="0.024"/>
</testsuite> <!-- flipkart_test.Login_test -->
